Conversión de STEP a Solid Edge
Fecha: miércoles,diciembre 15,2021 01:48
Archivo fuente: C:\Users\Carlo\Documents\1. Aprendizaje 2020-2022\CFGS\2º de Mecatrónica Industrial\Configuración de sistemas mecatrónicos\Trabajo 4\Piezas\Rodamiento 16007\SKF_16007.stp
Autor: License CC BY-ND 4.0
Organización: CADENAS
Sistema de origen: PARTsolutions

Equipo:
Procesador: AMD Ryzen 7 2700 Eight-Core Processor          
Sistema operativo: Windows 8
Memoria instalada: 15.92 GB

Información del programa
Versión de Parasolid: 30.1.256
Versión de PSBodyShop: 30.1.94
Versión de Step Adapter: 4.0.40
Versión de Solid Edge: 219.00.01.006 x64

Opciones de importación de STEP
Importar cuerpos facetados: Activado
Importar cuerpos revisados: Desactivado
Importar curvas: Activado
Importar sin guardar: Activado
Importar varios cuerpos como archivo de una pieza: Activado
Importar superficies unidas: Activado
Importar sólidos booleanos: Activado
Crear operación base: Activado
Simplificar geometría: Activado
Importar curvas estampadas: Activado
Importar unidad de disco: C:
Importar superficies unidas: Activado
Importar superficies: Activado
Importar vía de acceso de salida: C:\Users\Carlo\Documents\1. Aprendizaje 2020-2022\CFGS\2º de Mecatrónica Industrial\Configuración de sistemas mecatrónicos\Trabajo 4\Piezas\Rodamiento 16007
Importar con vía de acceso de salida predeterminada habilitada: Activado
Importar vía de acceso: 

Convirtiendo a tipos de datos Parasolid...
+Empezar conjunto: 1
+Creado archivo de conjunto SE C:\Users\Carlo\Documents\1. Aprendizaje 2020-2022\CFGS\2º de Mecatrónica Industrial\Configuración de sistemas mecatrónicos\Trabajo 4\Piezas\Rodamiento 16007\SKF_16007.asm
|--+Creado archivo de pieza SE C:\Users\Carlo\Documents\1. Aprendizaje 2020-2022\CFGS\2º de Mecatrónica Industrial\Configuración de sistemas mecatrónicos\Trabajo 4\Piezas\Rodamiento 16007\_SKF_16007_PART1.par
|--+Creado archivo de pieza SE C:\Users\Carlo\Documents\1. Aprendizaje 2020-2022\CFGS\2º de Mecatrónica Industrial\Configuración de sistemas mecatrónicos\Trabajo 4\Piezas\Rodamiento 16007\_SKF_16007_PART2.par
|--+Creado archivo de pieza SE C:\Users\Carlo\Documents\1. Aprendizaje 2020-2022\CFGS\2º de Mecatrónica Industrial\Configuración de sistemas mecatrónicos\Trabajo 4\Piezas\Rodamiento 16007\_SKF_16007_PART3.par
|--+Reutilizando archivo C:\Users\Carlo\Documents\1. Aprendizaje 2020-2022\CFGS\2º de Mecatrónica Industrial\Configuración de sistemas mecatrónicos\Trabajo 4\Piezas\Rodamiento 16007\_SKF_16007_PART3.par
|--+Reutilizando archivo C:\Users\Carlo\Documents\1. Aprendizaje 2020-2022\CFGS\2º de Mecatrónica Industrial\Configuración de sistemas mecatrónicos\Trabajo 4\Piezas\Rodamiento 16007\_SKF_16007_PART3.par
|--+Reutilizando archivo C:\Users\Carlo\Documents\1. Aprendizaje 2020-2022\CFGS\2º de Mecatrónica Industrial\Configuración de sistemas mecatrónicos\Trabajo 4\Piezas\Rodamiento 16007\_SKF_16007_PART3.par
|--+Reutilizando archivo C:\Users\Carlo\Documents\1. Aprendizaje 2020-2022\CFGS\2º de Mecatrónica Industrial\Configuración de sistemas mecatrónicos\Trabajo 4\Piezas\Rodamiento 16007\_SKF_16007_PART3.par
|--+Reutilizando archivo C:\Users\Carlo\Documents\1. Aprendizaje 2020-2022\CFGS\2º de Mecatrónica Industrial\Configuración de sistemas mecatrónicos\Trabajo 4\Piezas\Rodamiento 16007\_SKF_16007_PART3.par
|--+Reutilizando archivo C:\Users\Carlo\Documents\1. Aprendizaje 2020-2022\CFGS\2º de Mecatrónica Industrial\Configuración de sistemas mecatrónicos\Trabajo 4\Piezas\Rodamiento 16007\_SKF_16007_PART3.par
|--+Reutilizando archivo C:\Users\Carlo\Documents\1. Aprendizaje 2020-2022\CFGS\2º de Mecatrónica Industrial\Configuración de sistemas mecatrónicos\Trabajo 4\Piezas\Rodamiento 16007\_SKF_16007_PART3.par
|--+Reutilizando archivo C:\Users\Carlo\Documents\1. Aprendizaje 2020-2022\CFGS\2º de Mecatrónica Industrial\Configuración de sistemas mecatrónicos\Trabajo 4\Piezas\Rodamiento 16007\_SKF_16007_PART3.par
|--+Reutilizando archivo C:\Users\Carlo\Documents\1. Aprendizaje 2020-2022\CFGS\2º de Mecatrónica Industrial\Configuración de sistemas mecatrónicos\Trabajo 4\Piezas\Rodamiento 16007\_SKF_16007_PART3.par
|--+Reutilizando archivo C:\Users\Carlo\Documents\1. Aprendizaje 2020-2022\CFGS\2º de Mecatrónica Industrial\Configuración de sistemas mecatrónicos\Trabajo 4\Piezas\Rodamiento 16007\_SKF_16007_PART3.par
|--+Reutilizando archivo C:\Users\Carlo\Documents\1. Aprendizaje 2020-2022\CFGS\2º de Mecatrónica Industrial\Configuración de sistemas mecatrónicos\Trabajo 4\Piezas\Rodamiento 16007\_SKF_16007_PART3.par
|--+Reutilizando archivo C:\Users\Carlo\Documents\1. Aprendizaje 2020-2022\CFGS\2º de Mecatrónica Industrial\Configuración de sistemas mecatrónicos\Trabajo 4\Piezas\Rodamiento 16007\_SKF_16007_PART3.par
|--+Reutilizando archivo C:\Users\Carlo\Documents\1. Aprendizaje 2020-2022\CFGS\2º de Mecatrónica Industrial\Configuración de sistemas mecatrónicos\Trabajo 4\Piezas\Rodamiento 16007\_SKF_16007_PART3.par
|--+Creado archivo de pieza SE C:\Users\Carlo\Documents\1. Aprendizaje 2020-2022\CFGS\2º de Mecatrónica Industrial\Configuración de sistemas mecatrónicos\Trabajo 4\Piezas\Rodamiento 16007\_SKF_16007_PART4.par
|--+Reutilizando archivo C:\Users\Carlo\Documents\1. Aprendizaje 2020-2022\CFGS\2º de Mecatrónica Industrial\Configuración de sistemas mecatrónicos\Trabajo 4\Piezas\Rodamiento 16007\_SKF_16007_PART4.par
|--+Reutilizando archivo C:\Users\Carlo\Documents\1. Aprendizaje 2020-2022\CFGS\2º de Mecatrónica Industrial\Configuración de sistemas mecatrónicos\Trabajo 4\Piezas\Rodamiento 16007\_SKF_16007_PART4.par
|--+Reutilizando archivo C:\Users\Carlo\Documents\1. Aprendizaje 2020-2022\CFGS\2º de Mecatrónica Industrial\Configuración de sistemas mecatrónicos\Trabajo 4\Piezas\Rodamiento 16007\_SKF_16007_PART4.par
|--+Reutilizando archivo C:\Users\Carlo\Documents\1. Aprendizaje 2020-2022\CFGS\2º de Mecatrónica Industrial\Configuración de sistemas mecatrónicos\Trabajo 4\Piezas\Rodamiento 16007\_SKF_16007_PART4.par
|--+Reutilizando archivo C:\Users\Carlo\Documents\1. Aprendizaje 2020-2022\CFGS\2º de Mecatrónica Industrial\Configuración de sistemas mecatrónicos\Trabajo 4\Piezas\Rodamiento 16007\_SKF_16007_PART4.par
|--+Reutilizando archivo C:\Users\Carlo\Documents\1. Aprendizaje 2020-2022\CFGS\2º de Mecatrónica Industrial\Configuración de sistemas mecatrónicos\Trabajo 4\Piezas\Rodamiento 16007\_SKF_16007_PART4.par
|--+Reutilizando archivo C:\Users\Carlo\Documents\1. Aprendizaje 2020-2022\CFGS\2º de Mecatrónica Industrial\Configuración de sistemas mecatrónicos\Trabajo 4\Piezas\Rodamiento 16007\_SKF_16007_PART4.par
|--+Reutilizando archivo C:\Users\Carlo\Documents\1. Aprendizaje 2020-2022\CFGS\2º de Mecatrónica Industrial\Configuración de sistemas mecatrónicos\Trabajo 4\Piezas\Rodamiento 16007\_SKF_16007_PART4.par
|--+Reutilizando archivo C:\Users\Carlo\Documents\1. Aprendizaje 2020-2022\CFGS\2º de Mecatrónica Industrial\Configuración de sistemas mecatrónicos\Trabajo 4\Piezas\Rodamiento 16007\_SKF_16007_PART4.par
|--+Reutilizando archivo C:\Users\Carlo\Documents\1. Aprendizaje 2020-2022\CFGS\2º de Mecatrónica Industrial\Configuración de sistemas mecatrónicos\Trabajo 4\Piezas\Rodamiento 16007\_SKF_16007_PART4.par
|--+Reutilizando archivo C:\Users\Carlo\Documents\1. Aprendizaje 2020-2022\CFGS\2º de Mecatrónica Industrial\Configuración de sistemas mecatrónicos\Trabajo 4\Piezas\Rodamiento 16007\_SKF_16007_PART4.par
|--+Reutilizando archivo C:\Users\Carlo\Documents\1. Aprendizaje 2020-2022\CFGS\2º de Mecatrónica Industrial\Configuración de sistemas mecatrónicos\Trabajo 4\Piezas\Rodamiento 16007\_SKF_16007_PART4.par
|--+Reutilizando archivo C:\Users\Carlo\Documents\1. Aprendizaje 2020-2022\CFGS\2º de Mecatrónica Industrial\Configuración de sistemas mecatrónicos\Trabajo 4\Piezas\Rodamiento 16007\_SKF_16007_PART4.par
+Piezas totales: 19
+Conjuntos: 0
+Cuerpos sólidos: 19
+Cuerpos de hoja: 0
+Terminar conjunto: 1
Proceso de conversión completado
Tiempo total requerido para convertir y posprocesar:00 : 00 : 01
